<?xml version="1.0" encoding="UTF-8"?>
<!-- Generated by org.testng.reporters.JUnitReportReporter -->
<testsuite skipped="2" hostname="chouman" name="gov.cms.testcases.LoginPageTest" tests="3" failures="0" timestamp="29 May 2021 16:49:04 GMT" time="7.633" errors="0">
  <testcase name="loginTest" time="7.633" classname="gov.cms.testcases.LoginPageTest"/>
  <testcase name="loginPageTitleTest" classname="gov.cms.testcases.LoginPageTest">
    <skipped/>
  </testcase> <!-- loginPageTitleTest -->
  <testcase name="crmLogoImageTest" classname="gov.cms.testcases.LoginPageTest">
    <skipped/>
  </testcase> <!-- crmLogoImageTest -->
</testsuite> <!-- gov.cms.testcases.LoginPageTest -->
